INFO  [2015-10-11 18:55:01,675] io.dropwizard.server.ServerFactory: Starting LabredesServer
WARN  [2015-10-11 18:55:02,552] org.eclipse.jetty.util.component.AbstractLifeCycle: FAILED org.eclipse.jetty.server.Server@14d14731: java.lang.RuntimeException: java.net.BindException: La dirección ya se está usando
! java.net.BindException: La dirección ya se está usando
! at sun.nio.ch.Net.bind0(Native Method) ~[na:1.8.0_45]
! at sun.nio.ch.Net.bind(Net.java:437) ~[na:1.8.0_45]
! at sun.nio.ch.Net.bind(Net.java:429) ~[na:1.8.0_45]
! at sun.nio.ch.ServerSocketChannelImpl.bind(ServerSocketChannelImpl.java:223) ~[na:1.8.0_45]
! at sun.nio.ch.ServerSocketAdaptor.bind(ServerSocketAdaptor.java:74) ~[na:1.8.0_45]
! at org.eclipse.jetty.server.ServerConnector.open(ServerConnector.java:264) ~[jetty-server-9.0.7.v20131107.jar:9.0.7.v20131107]
! at org.eclipse.jetty.setuid.SetUIDListener.lifeCycleStarting(SetUIDListener.java:200) ~[jetty-setuid-java-1.0.2.jar:na]
! ... 8 common frames omitted
! Causing: java.lang.RuntimeException: java.net.BindException: La dirección ya se está usando
! at org.eclipse.jetty.setuid.SetUIDListener.lifeCycleStarting(SetUIDListener.java:213) ~[jetty-setuid-java-1.0.2.jar:na]
! at org.eclipse.jetty.util.component.AbstractLifeCycle.setStarting(AbstractLifeCycle.java:187) ~[jetty-util-9.0.7.v20131107.jar:9.0.7.v20131107]
! at org.eclipse.jetty.util.component.AbstractLifeCycle.start(AbstractLifeCycle.java:68) ~[jetty-util-9.0.7.v20131107.jar:9.0.7.v20131107]
! at io.dropwizard.cli.ServerCommand.run(ServerCommand.java:43) [dropwizard-core-0.7.1.jar:0.7.1]
! at io.dropwizard.cli.EnvironmentCommand.run(EnvironmentCommand.java:43) [dropwizard-core-0.7.1.jar:0.7.1]
! at io.dropwizard.cli.ConfiguredCommand.run(ConfiguredCommand.java:76) [dropwizard-core-0.7.1.jar:0.7.1]
! at io.dropwizard.cli.Cli.run(Cli.java:70) [dropwizard-core-0.7.1.jar:0.7.1]
! at io.dropwizard.Application.run(Application.java:72) [dropwizard-core-0.7.1.jar:0.7.1]
! at co.labredes.LabredesServer.main(LabredesServer.java:77) [classes/:na]
ERROR [2015-10-11 18:55:02,553] io.dropwizard.cli.ServerCommand: Unable to start server, shutting down
! java.net.BindException: La dirección ya se está usando
! at sun.nio.ch.Net.bind0(Native Method) ~[na:1.8.0_45]
! at sun.nio.ch.Net.bind(Net.java:437) ~[na:1.8.0_45]
! at sun.nio.ch.Net.bind(Net.java:429) ~[na:1.8.0_45]
! at sun.nio.ch.ServerSocketChannelImpl.bind(ServerSocketChannelImpl.java:223) ~[na:1.8.0_45]
! at sun.nio.ch.ServerSocketAdaptor.bind(ServerSocketAdaptor.java:74) ~[na:1.8.0_45]
! at org.eclipse.jetty.server.ServerConnector.open(ServerConnector.java:264) ~[jetty-server-9.0.7.v20131107.jar:9.0.7.v20131107]
! at org.eclipse.jetty.setuid.SetUIDListener.lifeCycleStarting(SetUIDListener.java:200) ~[jetty-setuid-java-1.0.2.jar:na]
! ... 8 common frames omitted
! Causing: java.lang.RuntimeException: java.net.BindException: La dirección ya se está usando
! at org.eclipse.jetty.setuid.SetUIDListener.lifeCycleStarting(SetUIDListener.java:213) ~[jetty-setuid-java-1.0.2.jar:na]
! at org.eclipse.jetty.util.component.AbstractLifeCycle.setStarting(AbstractLifeCycle.java:187) ~[jetty-util-9.0.7.v20131107.jar:9.0.7.v20131107]
! at org.eclipse.jetty.util.component.AbstractLifeCycle.start(AbstractLifeCycle.java:68) ~[jetty-util-9.0.7.v20131107.jar:9.0.7.v20131107]
! at io.dropwizard.cli.ServerCommand.run(ServerCommand.java:43) ~[dropwizard-core-0.7.1.jar:0.7.1]
! at io.dropwizard.cli.EnvironmentCommand.run(EnvironmentCommand.java:43) [dropwizard-core-0.7.1.jar:0.7.1]
! at io.dropwizard.cli.ConfiguredCommand.run(ConfiguredCommand.java:76) [dropwizard-core-0.7.1.jar:0.7.1]
! at io.dropwizard.cli.Cli.run(Cli.java:70) [dropwizard-core-0.7.1.jar:0.7.1]
! at io.dropwizard.Application.run(Application.java:72) [dropwizard-core-0.7.1.jar:0.7.1]
! at co.labredes.LabredesServer.main(LabredesServer.java:77) [classes/:na]
